docker : --progress is a global compose flag, better use `docker compose --progress xx build ...
At line:1 char:1
+ docker compose -f .\docker-compose.yml build --progress=plain 2>&1 |  ...
+ ~~~~~~~~~~~~~~~~~~~~~~~~~~~~~~~~~~~~~~~~~~~~~~~~~~~~~~~~~~~~~~~~~~
    + CategoryInfo          : NotSpecified: (--progress is a...ss xx build ...:String) [], RemoteE 
   xception
    + FullyQualifiedErrorId : NativeCommandError
 
time="2025-11-21T16:23:45+05:30" level=warning msg="G:\\chanchal\\EX 
Fraudshield\\docker-compose.yml: the attribute `version` is obsolete, it will be ignored, please 
remove it to avoid potential confusion"
#1 [internal] load local bake definitions
#1 reading from stdin 551B done
#1 DONE 0.0s

#2 [internal] load build definition from Dockerfile
#2 transferring dockerfile: 736B done
#2 DONE 0.0s

#3 [internal] load metadata for docker.io/library/python:3.11-slim
#3 DONE 0.9s

#4 [internal] load .dockerignore
#4 transferring context: 2B done
#4 DONE 0.0s

#5 [1/7] FROM docker.io/library/python:3.11-slim@sha256:193fdd0bbcb3d2ae612bd6cc3548d2f7c78d65b549fcaa8af75624c47474444d
#5 resolve docker.io/library/python:3.11-slim@sha256:193fdd0bbcb3d2ae612bd6cc3548d2f7c78d65b549fcaa8af75624c47474444d 0.0s done
#5 DONE 0.0s

#6 [2/7] WORKDIR /app
#6 CACHED

#7 [internal] load build context
#7 transferring context: 1.15MB 0.9s done
#7 DONE 0.9s

#8 [3/7] RUN apt-get update     && apt-get install -y --no-install-recommends build-essential git curl ca-certificates libpq-dev     && rm -rf /var/lib/apt/lists/*
#8 0.931 Hit:1 http://deb.debian.org/debian trixie InRelease
#8 0.933 Get:2 http://deb.debian.org/debian trixie-updates InRelease [47.3 kB]
#8 1.419 Get:3 http://deb.debian.org/debian-security trixie-security InRelease [43.4 kB]
#8 1.441 Get:4 http://deb.debian.org/debian trixie/main amd64 Packages [9670 kB]
#8 3.884 Get:5 http://deb.debian.org/debian trixie-updates/main amd64 Packages [5412 B]
#8 3.895 Get:6 http://deb.debian.org/debian-security trixie-security/main amd64 Packages [71.8 kB]
#8 4.670 Fetched 9838 kB in 4s (2422 kB/s)
#8 4.670 Reading package lists...
#8 5.248 Reading package lists...
#8 5.849 Building dependency tree...
#8 6.009 Reading state information...
#8 6.312 ca-certificates is already the newest version (20250419).
#8 6.312 The following additional packages will be installed:
#8 6.312   binutils binutils-common binutils-x86-64-linux-gnu bzip2 cpp cpp-14
#8 6.312   cpp-14-x86-64-linux-gnu cpp-x86-64-linux-gnu dpkg-dev g++ g++-14
#8 6.312   g++-14-x86-64-linux-gnu g++-x86-64-linux-gnu gcc gcc-14
#8 6.312   gcc-14-x86-64-linux-gnu gcc-x86-64-linux-gnu git-man libasan8 libatomic1
#8 6.312   libbinutils libbrotli1 libc-dev-bin libc6-dev libcc1-0 libcom-err2
#8 6.312   libcrypt-dev libctf-nobfd0 libctf0 libcurl3t64-gnutls libcurl4t64
#8 6.312   libdpkg-perl liberror-perl libexpat1 libgcc-14-dev libgdbm-compat4t64
#8 6.313   libgnutls30t64 libgomp1 libgprofng0 libgssapi-krb5-2 libhwasan0 libidn2-0
#8 6.314   libisl23 libitm1 libjansson4 libk5crypto3 libkeyutils1 libkrb5-3
#8 6.314   libkrb5support0 libldap2 liblsan0 libmpc3 libmpfr6 libnghttp2-14
#8 6.314   libnghttp3-9 libngtcp2-16 libngtcp2-crypto-gnutls8 libp11-kit0 libperl5.40
#8 6.315   libpq5 libpsl5t64 libquadmath0 librtmp1 libsasl2-2 libsasl2-modules-db
#8 6.316   libsframe1 libssh2-1t64 libssl-dev libstdc++-14-dev libtasn1-6 libtsan2
#8 6.317   libubsan1 libunistring5 linux-libc-dev make patch perl perl-modules-5.40
#8 6.317   rpcsvc-proto xz-utils
#8 6.320 Suggested packages:
#8 6.320   binutils-doc gprofng-gui binutils-gold bzip2-doc cpp-doc gcc-14-locales
#8 6.320   cpp-14-doc debian-keyring debian-tag2upload-keyring g++-multilib
#8 6.320   g++-14-multilib gcc-14-doc gcc-multilib manpages-dev autoconf automake
#8 6.320   libtool flex bison gdb gcc-doc gcc-14-multilib gdb-x86-64-linux-gnu
#8 6.320   gettext-base git-doc git-email git-gui gitk gitweb git-cvs git-mediawiki
#8 6.320   git-svn libc-devtools glibc-doc sq | sqop | rsop | gosop | pgpainless-cli
#8 6.320   | gpg-sq | gnupg sensible-utils bzr gnutls-bin krb5-doc krb5-user
#8 6.320   postgresql-doc-17 libssl-doc libstdc++-14-doc make-doc ed diffutils-doc
#8 6.320   perl-doc libterm-readline-gnu-perl | libterm-readline-perl-perl
#8 6.320   libtap-harness-archive-perl
#8 6.320 Recommended packages:
#8 6.320   bash-completion fakeroot sq | sqop | rsop | gosop | pgpainless-cli | gpg-sq
#8 6.320   | gnupg libalgorithm-merge-perl less ssh-client manpages manpages-dev
#8 6.320   libfile-fcntllock-perl liblocale-gettext-perl krb5-locales libldap-common
#8 6.320   publicsuffix libsasl2-modules
#8 6.716 The following NEW packages will be installed:
#8 6.716   binutils binutils-common binutils-x86-64-linux-gnu build-essential bzip2 cpp
#8 6.716   cpp-14 cpp-14-x86-64-linux-gnu cpp-x86-64-linux-gnu curl dpkg-dev g++ g++-14
#8 6.716   g++-14-x86-64-linux-gnu g++-x86-64-linux-gnu gcc gcc-14
#8 6.716   gcc-14-x86-64-linux-gnu gcc-x86-64-linux-gnu git git-man libasan8 libatomic1
#8 6.717   libbinutils libbrotli1 libc-dev-bin libc6-dev libcc1-0 libcom-err2
#8 6.717   libcrypt-dev libctf-nobfd0 libctf0 libcurl3t64-gnutls libcurl4t64
#8 6.717   libdpkg-perl liberror-perl libexpat1 libgcc-14-dev libgdbm-compat4t64
#8 6.717   libgnutls30t64 libgomp1 libgprofng0 libgssapi-krb5-2 libhwasan0 libidn2-0
#8 6.718   libisl23 libitm1 libjansson4 libk5crypto3 libkeyutils1 libkrb5-3
#8 6.718   libkrb5support0 libldap2 liblsan0 libmpc3 libmpfr6 libnghttp2-14
#8 6.718   libnghttp3-9 libngtcp2-16 libngtcp2-crypto-gnutls8 libp11-kit0 libperl5.40
#8 6.720   libpq-dev libpq5 libpsl5t64 libquadmath0 librtmp1 libsasl2-2
#8 6.720   libsasl2-modules-db libsframe1 libssh2-1t64 libssl-dev libstdc++-14-dev
#8 6.720   libtasn1-6 libtsan2 libubsan1 libunistring5 linux-libc-dev make patch perl
#8 6.721   perl-modules-5.40 rpcsvc-proto xz-utils
#8 7.010 0 upgraded, 84 newly installed, 0 to remove and 0 not upgraded.
#8 7.010 Need to get 102 MB of archives.
#8 7.010 After this operation, 423 MB of additional disk space will be used.
#8 7.010 Get:1 http://deb.debian.org/debian trixie/main amd64 libexpat1 amd64 2.7.1-2 [108 kB]
#8 7.190 Get:2 http://deb.debian.org/debian trixie/main amd64 bzip2 amd64 1.0.8-6 [40.5 kB]
#8 7.200 Get:3 http://deb.debian.org/debian trixie/main amd64 perl-modules-5.40 all 5.40.1-6 [3019 kB]
#8 7.868 Get:4 http://deb.debian.org/debian trixie/main amd64 libgdbm-compat4t64 amd64 1.24-2 [50.3 kB]
#8 7.890 Get:5 http://deb.debian.org/debian trixie/main amd64 libperl5.40 amd64 5.40.1-6 [4341 kB]
#8 8.992 Get:6 http://deb.debian.org/debian trixie/main amd64 perl amd64 5.40.1-6 [267 kB]
#8 9.060 Get:7 http://deb.debian.org/debian trixie/main amd64 xz-utils amd64 5.8.1-1 [660 kB]
#8 9.227 Get:8 http://deb.debian.org/debian trixie/main amd64 libsframe1 amd64 2.44-3 [78.4 kB]
#8 9.247 Get:9 http://deb.debian.org/debian trixie/main amd64 binutils-common amd64 2.44-3 [2509 kB]
#8 9.884 Get:10 http://deb.debian.org/debian trixie/main amd64 libbinutils amd64 2.44-3 [534 kB]
#8 10.02 Get:11 http://deb.debian.org/debian trixie/main amd64 libgprofng0 amd64 2.44-3 [808 kB]
#8 10.23 Get:12 http://deb.debian.org/debian trixie/main amd64 libctf-nobfd0 amd64 2.44-3 [156 kB]
#8 10.37 Get:13 http://deb.debian.org/debian trixie/main amd64 libctf0 amd64 2.44-3 [88.6 kB]
#8 10.37 Get:14 http://deb.debian.org/debian trixie/main amd64 libjansson4 amd64 2.14-2+b3 [39.8 kB]
#8 10.39 Get:15 http://deb.debian.org/debian trixie/main amd64 binutils-x86-64-linux-gnu amd64 2.44-3 [1014 kB]
#8 10.56 Get:16 http://deb.debian.org/debian trixie/main amd64 binutils amd64 2.44-3 [265 kB]
#8 10.66 Get:17 http://deb.debian.org/debian trixie/main amd64 libc-dev-bin amd64 2.41-12 [58.2 kB]
#8 10.70 Get:18 http://deb.debian.org/debian trixie/main amd64 linux-libc-dev all 6.12.57-1 [2692 kB]
#8 11.50 Get:19 http://deb.debian.org/debian trixie/main amd64 libcrypt-dev amd64 1:4.4.38-1 [119 kB]
#8 11.51 Get:20 http://deb.debian.org/debian trixie/main amd64 rpcsvc-proto amd64 1.4.3-1 [63.3 kB]
#8 11.52 Get:21 http://deb.debian.org/debian trixie/main amd64 libc6-dev amd64 2.41-12 [1991 kB]
#8 12.09 Get:22 http://deb.debian.org/debian trixie/main amd64 libisl23 amd64 0.27-1 [659 kB]
#8 12.18 Get:23 http://deb.debian.org/debian trixie/main amd64 libmpfr6 amd64 4.2.2-1 [729 kB]
#8 12.35 Get:24 http://deb.debian.org/debian trixie/main amd64 libmpc3 amd64 1.3.1-1+b3 [52.2 kB]
#8 12.36 Get:25 http://deb.debian.org/debian trixie/main amd64 cpp-14-x86-64-linux-gnu amd64 14.2.0-19 [11.0 MB]
#8 15.22 Get:26 http://deb.debian.org/debian trixie/main amd64 cpp-14 amd64 14.2.0-19 [1280 B]
#8 15.22 Get:27 http://deb.debian.org/debian trixie/main amd64 cpp-x86-64-linux-gnu amd64 4:14.2.0-1 [4840 B]
#8 15.22 Get:28 http://deb.debian.org/debian trixie/main amd64 cpp amd64 4:14.2.0-1 [1568 B]
#8 15.23 Get:29 http://deb.debian.org/debian trixie/main amd64 libcc1-0 amd64 14.2.0-19 [42.8 kB]
#8 15.23 Get:30 http://deb.debian.org/debian trixie/main amd64 libgomp1 amd64 14.2.0-19 [137 kB]
#8 15.27 Get:31 http://deb.debian.org/debian trixie/main amd64 libitm1 amd64 14.2.0-19 [26.0 kB]
#8 15.28 Get:32 http://deb.debian.org/debian trixie/main amd64 libatomic1 amd64 14.2.0-19 [9308 B]
#8 15.28 Get:33 http://deb.debian.org/debian trixie/main amd64 libasan8 amd64 14.2.0-19 [2725 kB]
#8 15.97 Get:34 http://deb.debian.org/debian trixie/main amd64 liblsan0 amd64 14.2.0-19 [1204 kB]
#8 16.27 Get:35 http://deb.debian.org/debian trixie/main amd64 libtsan2 amd64 14.2.0-19 [2460 kB]
#8 16.90 Get:36 http://deb.debian.org/debian trixie/main amd64 libubsan1 amd64 14.2.0-19 [1074 kB]
#8 17.17 Get:37 http://deb.debian.org/debian trixie/main amd64 libhwasan0 amd64 14.2.0-19 [1488 kB]
#8 17.55 Get:38 http://deb.debian.org/debian trixie/main amd64 libquadmath0 amd64 14.2.0-19 [145 kB]
#8 17.59 Get:39 http://deb.debian.org/debian trixie/main amd64 libgcc-14-dev amd64 14.2.0-19 [2672 kB]
#8 18.26 Get:40 http://deb.debian.org/debian trixie/main amd64 gcc-14-x86-64-linux-gnu amd64 14.2.0-19 [21.4 MB]
#8 24.33 Get:41 http://deb.debian.org/debian trixie/main amd64 gcc-14 amd64 14.2.0-19 [540 kB]
#8 24.47 Get:42 http://deb.debian.org/debian trixie/main amd64 gcc-x86-64-linux-gnu amd64 4:14.2.0-1 [1436 B]
#8 24.47 Get:43 http://deb.debian.org/debian trixie/main amd64 gcc amd64 4:14.2.0-1 [5136 B]
#8 24.47 Get:44 http://deb.debian.org/debian trixie/main amd64 libstdc++-14-dev amd64 14.2.0-19 [2376 kB]
#8 25.08 Get:45 http://deb.debian.org/debian trixie/main amd64 g++-14-x86-64-linux-gnu amd64 14.2.0-19 [12.1 MB]
#8 28.26 Get:46 http://deb.debian.org/debian trixie/main amd64 g++-14 amd64 14.2.0-19 [22.5 kB]
#8 28.26 Get:47 http://deb.debian.org/debian trixie/main amd64 g++-x86-64-linux-gnu amd64 4:14.2.0-1 [1200 B]
#8 28.26 Get:48 http://deb.debian.org/debian trixie/main amd64 g++ amd64 4:14.2.0-1 [1344 B]
#8 28.26 Get:49 http://deb.debian.org/debian trixie/main amd64 make amd64 4.4.1-2 [463 kB]
#8 28.38 Get:50 http://deb.debian.org/debian trixie/main amd64 libdpkg-perl all 1.22.21 [650 kB]
#8 28.54 Get:51 http://deb.debian.org/debian trixie/main amd64 patch amd64 2.8-2 [134 kB]
#8 28.58 Get:52 http://deb.debian.org/debian trixie/main amd64 dpkg-dev all 1.22.21 [1338 kB]
#8 28.92 Get:53 http://deb.debian.org/debian trixie/main amd64 build-essential amd64 12.12 [4624 B]
#8 28.92 Get:54 http://deb.debian.org/debian trixie/main amd64 libbrotli1 amd64 1.1.0-2+b7 [307 kB]
#8 29.04 Get:55 http://deb.debian.org/debian trixie/main amd64 libkrb5support0 amd64 1.21.3-5 [33.0 kB]
#8 29.04 Get:56 http://deb.debian.org/debian trixie/main amd64 libcom-err2 amd64 1.47.2-3+b3 [25.0 kB]
#8 29.04 Get:57 http://deb.debian.org/debian trixie/main amd64 libk5crypto3 amd64 1.21.3-5 [81.5 kB]
#8 29.05 Get:58 http://deb.debian.org/debian trixie/main amd64 libkeyutils1 amd64 1.6.3-6 [9456 B]
#8 29.05 Get:59 http://deb.debian.org/debian trixie/main amd64 libkrb5-3 amd64 1.21.3-5 [326 kB]
#8 29.12 Get:60 http://deb.debian.org/debian trixie/main amd64 libgssapi-krb5-2 amd64 1.21.3-5 [138 kB]
#8 29.19 Get:61 http://deb.debian.org/debian trixie/main amd64 libunistring5 amd64 1.3-2 [477 kB]
#8 29.27 Get:62 http://deb.debian.org/debian trixie/main amd64 libidn2-0 amd64 2.3.8-2 [109 kB]
#8 29.32 Get:63 http://deb.debian.org/debian trixie/main amd64 libsasl2-modules-db amd64 2.1.28+dfsg1-9 [19.8 kB]
#8 29.32 Get:64 http://deb.debian.org/debian trixie/main amd64 libsasl2-2 amd64 2.1.28+dfsg1-9 [57.5 kB]
#8 29.33 Get:65 http://deb.debian.org/debian trixie/main amd64 libldap2 amd64 2.6.10+dfsg-1 [194 kB]
#8 29.39 Get:66 http://deb.debian.org/debian trixie/main amd64 libnghttp2-14 amd64 1.64.0-1.1 [76.0 kB]
#8 29.40 Get:67 http://deb.debian.org/debian trixie/main amd64 libnghttp3-9 amd64 1.8.0-1 [67.7 kB]
#8 29.47 Get:68 http://deb.debian.org/debian trixie/main amd64 libpsl5t64 amd64 0.21.2-1.1+b1 [57.2 kB]
#8 29.51 Get:69 http://deb.debian.org/debian trixie/main amd64 libp11-kit0 amd64 0.25.5-3 [425 kB]
#8 29.60 Get:70 http://deb.debian.org/debian trixie/main amd64 libtasn1-6 amd64 4.20.0-2 [49.9 kB]
#8 29.61 Get:71 http://deb.debian.org/debian trixie/main amd64 libgnutls30t64 amd64 3.8.9-3 [1465 kB]
#8 29.95 Get:72 http://deb.debian.org/debian trixie/main amd64 librtmp1 amd64 2.4+20151223.gitfa8646d.1-2+b5 [58.8 kB]
#8 29.96 Get:73 http://deb.debian.org/debian trixie/main amd64 libssh2-1t64 amd64 1.11.1-1 [245 kB]
#8 30.04 Get:74 http://deb.debian.org/debian trixie/main amd64 libcurl4t64 amd64 8.14.1-2+deb13u2 [391 kB]
#8 30.16 Get:75 http://deb.debian.org/debian trixie/main amd64 curl amd64 8.14.1-2+deb13u2 [270 kB]
#8 30.22 Get:76 http://deb.debian.org/debian trixie/main amd64 libngtcp2-16 amd64 1.11.0-1 [131 kB]
#8 30.23 Get:77 http://deb.debian.org/debian trixie/main amd64 libngtcp2-crypto-gnutls8 amd64 1.11.0-1 [29.3 kB]
#8 30.24 Get:78 http://deb.debian.org/debian trixie/main amd64 libcurl3t64-gnutls amd64 8.14.1-2+deb13u2 [383 kB]
#8 30.36 Get:79 http://deb.debian.org/debian trixie/main amd64 liberror-perl all 0.17030-1 [26.9 kB]
#8 30.38 Get:80 http://deb.debian.org/debian trixie/main amd64 git-man all 1:2.47.3-0+deb13u1 [2205 kB]
#8 30.97 Get:81 http://deb.debian.org/debian trixie/main amd64 git amd64 1:2.47.3-0+deb13u1 [8862 kB]
#8 33.31 Get:82 http://deb.debian.org/debian trixie/main amd64 libpq5 amd64 17.6-0+deb13u1 [228 kB]
#8 33.34 Get:83 http://deb.debian.org/debian trixie/main amd64 libssl-dev amd64 3.5.4-1~deb13u1 [2957 kB]
#8 34.07 Get:84 http://deb.debian.org/debian trixie/main amd64 libpq-dev amd64 17.6-0+deb13u1 [150 kB]
#8 34.39 debconf: unable to initialize frontend: Dialog
#8 34.39 debconf: (TERM is not set, so the dialog frontend is not usable.)
#8 34.39 debconf: falling back to frontend: Readline
#8 34.39 debconf: unable to initialize frontend: Readline
#8 34.39 debconf: (Can't locate Term/ReadLine.pm in @INC (you may need to install the Term::ReadLine module) (@INC entries checked: /etc/perl /usr/local/lib/x86_64-linux-gnu/perl/5.40.1 /usr/local/share/perl/5.40.1 /usr/lib/x86_64-linux-gnu/perl5/5.40 /usr/share/perl5 /usr/lib/x86_64-linux-gnu/perl-base /usr/lib/x86_64-linux-gnu/perl/5.40 /usr/share/perl/5.40 /usr/local/lib/site_perl) at /usr/share/perl5/Debconf/FrontEnd/Readline.pm line 8, <STDIN> line 84.)
#8 34.39 debconf: falling back to frontend: Teletype
#8 34.40 debconf: unable to initialize frontend: Teletype
#8 34.40 debconf: (This frontend requires a controlling tty.)
#8 34.40 debconf: falling back to frontend: Noninteractive
#8 37.51 Fetched 102 MB in 27s (3737 kB/s)
#8 37.60 Selecting previously unselected package libexpat1:amd64.
#8 37.60 (Reading database ... 
(Reading database ... 5%
(Reading database ... 10%
(Reading database ... 15%
(Reading database ... 20%
(Reading database ... 25%
(Reading database ... 30%
(Reading database ... 35%
(Reading database ... 40%
(Reading database ... 45%
(Reading database ... 50%
(Reading database ... 55%
(Reading database ... 60%
(Reading database ... 65%
(Reading database ... 70%
(Reading database ... 75%
(Reading database ... 80%
(Reading database ... 85%
(Reading database ... 90%
(Reading database ... 95%
(Reading database ... 100%
(Reading database ... 5644 files and directories currently installed.)
#8 37.62 Preparing to unpack .../00-libexpat1_2.7.1-2_amd64.deb ...
#8 37.65 Unpacking libexpat1:amd64 (2.7.1-2) ...
#8 37.77 Selecting previously unselected package bzip2.
#8 37.77 Preparing to unpack .../01-bzip2_1.0.8-6_amd64.deb ...
#8 37.79 Unpacking bzip2 (1.0.8-6) ...
#8 37.88 Selecting previously unselected package perl-modules-5.40.
#8 37.88 Preparing to unpack .../02-perl-modules-5.40_5.40.1-6_all.deb ...
#8 37.89 Unpacking perl-modules-5.40 (5.40.1-6) ...
#8 39.14 Selecting previously unselected package libgdbm-compat4t64:amd64.
#8 39.14 Preparing to unpack .../03-libgdbm-compat4t64_1.24-2_amd64.deb ...
#8 39.15 Unpacking libgdbm-compat4t64:amd64 (1.24-2) ...
#8 39.27 Selecting previously unselected package libperl5.40:amd64.
#8 39.27 Preparing to unpack .../04-libperl5.40_5.40.1-6_amd64.deb ...
#8 39.28 Unpacking libperl5.40:amd64 (5.40.1-6) ...
#8 40.22 Selecting previously unselected package perl.
#8 40.22 Preparing to unpack .../05-perl_5.40.1-6_amd64.deb ...
#8 40.23 Unpacking perl (5.40.1-6) ...
#8 40.32 Selecting previously unselected package xz-utils.
#8 40.33 Preparing to unpack .../06-xz-utils_5.8.1-1_amd64.deb ...
#8 40.34 Unpacking xz-utils (5.8.1-1) ...
#8 40.46 Selecting previously unselected package libsframe1:amd64.
#8 40.46 Preparing to unpack .../07-libsframe1_2.44-3_amd64.deb ...
#8 40.47 Unpacking libsframe1:amd64 (2.44-3) ...
#8 40.55 Selecting previously unselected package binutils-common:amd64.
#8 40.55 Preparing to unpack .../08-binutils-common_2.44-3_amd64.deb ...
#8 40.56 Unpacking binutils-common:amd64 (2.44-3) ...
#8 40.93 Selecting previously unselected package libbinutils:amd64.
#8 40.93 Preparing to unpack .../09-libbinutils_2.44-3_amd64.deb ...
#8 40.95 Unpacking libbinutils:amd64 (2.44-3) ...
#8 41.12 Selecting previously unselected package libgprofng0:amd64.
#8 41.12 Preparing to unpack .../10-libgprofng0_2.44-3_amd64.deb ...
#8 41.14 Unpacking libgprofng0:amd64 (2.44-3) ...
#8 41.30 Selecting previously unselected package libctf-nobfd0:amd64.
#8 41.31 Preparing to unpack .../11-libctf-nobfd0_2.44-3_amd64.deb ...
#8 41.32 Unpacking libctf-nobfd0:amd64 (2.44-3) ...
#8 41.41 Selecting previously unselected package libctf0:amd64.
#8 41.42 Preparing to unpack .../12-libctf0_2.44-3_amd64.deb ...
#8 41.43 Unpacking libctf0:amd64 (2.44-3) ...
#8 41.53 Selecting previously unselected package libjansson4:amd64.
#8 41.53 Preparing to unpack .../13-libjansson4_2.14-2+b3_amd64.deb ...
#8 41.54 Unpacking libjansson4:amd64 (2.14-2+b3) ...
#8 41.61 Selecting previously unselected package binutils-x86-64-linux-gnu.
#8 41.61 Preparing to unpack .../14-binutils-x86-64-linux-gnu_2.44-3_amd64.deb ...
#8 41.62 Unpacking binutils-x86-64-linux-gnu (2.44-3) ...
#8 42.03 Selecting previously unselected package binutils.
#8 42.04 Preparing to unpack .../15-binutils_2.44-3_amd64.deb ...
#8 42.06 Unpacking binutils (2.44-3) ...
#8 42.19 Selecting previously unselected package libc-dev-bin.
#8 42.20 Preparing to unpack .../16-libc-dev-bin_2.41-12_amd64.deb ...
#8 42.21 Unpacking libc-dev-bin (2.41-12) ...
#8 42.29 Selecting previously unselected package linux-libc-dev.
#8 42.29 Preparing to unpack .../17-linux-libc-dev_6.12.57-1_all.deb ...
#8 42.30 Unpacking linux-libc-dev (6.12.57-1) ...
#8 43.16 Selecting previously unselected package libcrypt-dev:amd64.
#8 43.16 Preparing to unpack .../18-libcrypt-dev_1%3a4.4.38-1_amd64.deb ...
#8 43.19 Unpacking libcrypt-dev:amd64 (1:4.4.38-1) ...
#8 43.26 Selecting previously unselected package rpcsvc-proto.
#8 43.27 Preparing to unpack .../19-rpcsvc-proto_1.4.3-1_amd64.deb ...
#8 43.28 Unpacking rpcsvc-proto (1.4.3-1) ...
#8 43.36 Selecting previously unselected package libc6-dev:amd64.
#8 43.36 Preparing to unpack .../20-libc6-dev_2.41-12_amd64.deb ...
#8 43.37 Unpacking libc6-dev:amd64 (2.41-12) ...
#8 43.72 Selecting previously unselected package libisl23:amd64.
#8 43.73 Preparing to unpack .../21-libisl23_0.27-1_amd64.deb ...
#8 43.73 Unpacking libisl23:amd64 (0.27-1) ...
#8 43.89 Selecting previously unselected package libmpfr6:amd64.
#8 43.89 Preparing to unpack .../22-libmpfr6_4.2.2-1_amd64.deb ...
#8 43.91 Unpacking libmpfr6:amd64 (4.2.2-1) ...
#8 44.06 Selecting previously unselected package libmpc3:amd64.
#8 44.06 Preparing to unpack .../23-libmpc3_1.3.1-1+b3_amd64.deb ...
#8 44.07 Unpacking libmpc3:amd64 (1.3.1-1+b3) ...
#8 44.16 Selecting previously unselected package cpp-14-x86-64-linux-gnu.
#8 44.17 Preparing to unpack .../24-cpp-14-x86-64-linux-gnu_14.2.0-19_amd64.deb ...
#8 44.18 Unpacking cpp-14-x86-64-linux-gnu (14.2.0-19) ...
#8 45.55 Selecting previously unselected package cpp-14.
#8 45.55 Preparing to unpack .../25-cpp-14_14.2.0-19_amd64.deb ...
#8 45.57 Unpacking cpp-14 (14.2.0-19) ...
#8 45.66 Selecting previously unselected package cpp-x86-64-linux-gnu.
#8 45.66 Preparing to unpack .../26-cpp-x86-64-linux-gnu_4%3a14.2.0-1_amd64.deb ...
#8 45.69 Unpacking cpp-x86-64-linux-gnu (4:14.2.0-1) ...
#8 45.78 Selecting previously unselected package cpp.
#8 45.79 Preparing to unpack .../27-cpp_4%3a14.2.0-1_amd64.deb ...
#8 45.82 Unpacking cpp (4:14.2.0-1) ...
#8 45.92 Selecting previously unselected package libcc1-0:amd64.
#8 45.93 Preparing to unpack .../28-libcc1-0_14.2.0-19_amd64.deb ...
#8 45.94 Unpacking libcc1-0:amd64 (14.2.0-19) ...
#8 46.07 Selecting previously unselected package libgomp1:amd64.
#8 46.08 Preparing to unpack .../29-libgomp1_14.2.0-19_amd64.deb ...
#8 46.10 Unpacking libgomp1:amd64 (14.2.0-19) ...
#8 46.23 Selecting previously unselected package libitm1:amd64.
#8 46.23 Preparing to unpack .../30-libitm1_14.2.0-19_amd64.deb ...
#8 46.24 Unpacking libitm1:amd64 (14.2.0-19) ...
#8 46.36 Selecting previously unselected package libatomic1:amd64.
#8 46.36 Preparing to unpack .../31-libatomic1_14.2.0-19_amd64.deb ...
#8 46.37 Unpacking libatomic1:amd64 (14.2.0-19) ...
#8 46.49 Selecting previously unselected package libasan8:amd64.
#8 46.49 Preparing to unpack .../32-libasan8_14.2.0-19_amd64.deb ...
#8 46.50 Unpacking libasan8:amd64 (14.2.0-19) ...
#8 46.93 Selecting previously unselected package liblsan0:amd64.
#8 46.93 Preparing to unpack .../33-liblsan0_14.2.0-19_amd64.deb ...
#8 46.94 Unpacking liblsan0:amd64 (14.2.0-19) ...
#8 47.21 Selecting previously unselected package libtsan2:amd64.
#8 47.21 Preparing to unpack .../34-libtsan2_14.2.0-19_amd64.deb ...
#8 47.23 Unpacking libtsan2:amd64 (14.2.0-19) ...
#8 47.57 Selecting previously unselected package libubsan1:amd64.
#8 47.58 Preparing to unpack .../35-libubsan1_14.2.0-19_amd64.deb ...
#8 47.59 Unpacking libubsan1:amd64 (14.2.0-19) ...
#8 47.83 Selecting previously unselected package libhwasan0:amd64.
#8 47.83 Preparing to unpack .../36-libhwasan0_14.2.0-19_amd64.deb ...
#8 47.84 Unpacking libhwasan0:amd64 (14.2.0-19) ...
#8 48.20 Selecting previously unselected package libquadmath0:amd64.
#8 48.21 Preparing to unpack .../37-libquadmath0_14.2.0-19_amd64.deb ...
#8 48.22 Unpacking libquadmath0:amd64 (14.2.0-19) ...
#8 48.31 Selecting previously unselected package libgcc-14-dev:amd64.
#8 48.32 Preparing to unpack .../38-libgcc-14-dev_14.2.0-19_amd64.deb ...
#8 48.33 Unpacking libgcc-14-dev:amd64 (14.2.0-19) ...
#8 48.70 Selecting previously unselected package gcc-14-x86-64-linux-gnu.
#8 48.71 Preparing to unpack .../39-gcc-14-x86-64-linux-gnu_14.2.0-19_amd64.deb ...
#8 48.74 Unpacking gcc-14-x86-64-linux-gnu (14.2.0-19) ...
#8 50.45 Selecting previously unselected package gcc-14.
#8 50.46 Preparing to unpack .../40-gcc-14_14.2.0-19_amd64.deb ...
#8 50.47 Unpacking gcc-14 (14.2.0-19) ...
#8 50.60 Selecting previously unselected package gcc-x86-64-linux-gnu.
#8 50.61 Preparing to unpack .../41-gcc-x86-64-linux-gnu_4%3a14.2.0-1_amd64.deb ...
#8 50.62 Unpacking gcc-x86-64-linux-gnu (4:14.2.0-1) ...
#8 50.75 Selecting previously unselected package gcc.
#8 50.76 Preparing to unpack .../42-gcc_4%3a14.2.0-1_amd64.deb ...
#8 50.77 Unpacking gcc (4:14.2.0-1) ...
#8 50.87 Selecting previously unselected package libstdc++-14-dev:amd64.
#8 50.87 Preparing to unpack .../43-libstdc++-14-dev_14.2.0-19_amd64.deb ...
#8 50.89 Unpacking libstdc++-14-dev:amd64 (14.2.0-19) ...
#8 51.88 Selecting previously unselected package g++-14-x86-64-linux-gnu.
#8 51.89 Preparing to unpack .../44-g++-14-x86-64-linux-gnu_14.2.0-19_amd64.deb ...
#8 51.90 Unpacking g++-14-x86-64-linux-gnu (14.2.0-19) ...
#8 53.62 Selecting previously unselected package g++-14.
#8 53.62 Preparing to unpack .../45-g++-14_14.2.0-19_amd64.deb ...
#8 53.63 Unpacking g++-14 (14.2.0-19) ...
#8 53.71 Selecting previously unselected package g++-x86-64-linux-gnu.
#8 53.71 Preparing to unpack .../46-g++-x86-64-linux-gnu_4%3a14.2.0-1_amd64.deb ...
#8 53.72 Unpacking g++-x86-64-linux-gnu (4:14.2.0-1) ...
#8 53.79 Selecting previously unselected package g++.
#8 53.79 Preparing to unpack .../47-g++_4%3a14.2.0-1_amd64.deb ...
#8 53.81 Unpacking g++ (4:14.2.0-1) ...
#8 53.93 Selecting previously unselected package make.
#8 53.94 Preparing to unpack .../48-make_4.4.1-2_amd64.deb ...
#8 53.96 Unpacking make (4.4.1-2) ...
#8 54.08 Selecting previously unselected package libdpkg-perl.
#8 54.08 Preparing to unpack .../49-libdpkg-perl_1.22.21_all.deb ...
#8 54.09 Unpacking libdpkg-perl (1.22.21) ...
#8 54.28 Selecting previously unselected package patch.
#8 54.29 Preparing to unpack .../50-patch_2.8-2_amd64.deb ...
#8 54.30 Unpacking patch (2.8-2) ...
#8 54.41 Selecting previously unselected package dpkg-dev.
#8 54.41 Preparing to unpack .../51-dpkg-dev_1.22.21_all.deb ...
#8 54.42 Unpacking dpkg-dev (1.22.21) ...
#8 54.57 Selecting previously unselected package build-essential.
#8 54.58 Preparing to unpack .../52-build-essential_12.12_amd64.deb ...
#8 54.58 Unpacking build-essential (12.12) ...
#8 54.67 Selecting previously unselected package libbrotli1:amd64.
#8 54.68 Preparing to unpack .../53-libbrotli1_1.1.0-2+b7_amd64.deb ...
#8 54.69 Unpacking libbrotli1:amd64 (1.1.0-2+b7) ...
#8 54.83 Selecting previously unselected package libkrb5support0:amd64.
#8 54.83 Preparing to unpack .../54-libkrb5support0_1.21.3-5_amd64.deb ...
#8 54.84 Unpacking libkrb5support0:amd64 (1.21.3-5) ...
#8 54.93 Selecting previously unselected package libcom-err2:amd64.
#8 54.93 Preparing to unpack .../55-libcom-err2_1.47.2-3+b3_amd64.deb ...
#8 54.94 Unpacking libcom-err2:amd64 (1.47.2-3+b3) ...
#8 55.02 Selecting previously unselected package libk5crypto3:amd64.
#8 55.02 Preparing to unpack .../56-libk5crypto3_1.21.3-5_amd64.deb ...
#8 55.03 Unpacking libk5crypto3:amd64 (1.21.3-5) ...
#8 55.12 Selecting previously unselected package libkeyutils1:amd64.
#8 55.12 Preparing to unpack .../57-libkeyutils1_1.6.3-6_amd64.deb ...
#8 55.13 Unpacking libkeyutils1:amd64 (1.6.3-6) ...
#8 55.23 Selecting previously unselected package libkrb5-3:amd64.
#8 55.23 Preparing to unpack .../58-libkrb5-3_1.21.3-5_amd64.deb ...
#8 55.24 Unpacking libkrb5-3:amd64 (1.21.3-5) ...
#8 55.35 Selecting previously unselected package libgssapi-krb5-2:amd64.
#8 55.36 Preparing to unpack .../59-libgssapi-krb5-2_1.21.3-5_amd64.deb ...
#8 55.37 Unpacking libgssapi-krb5-2:amd64 (1.21.3-5) ...
#8 55.47 Selecting previously unselected package libunistring5:amd64.
#8 55.48 Preparing to unpack .../60-libunistring5_1.3-2_amd64.deb ...
#8 55.49 Unpacking libunistring5:amd64 (1.3-2) ...
#8 55.63 Selecting previously unselected package libidn2-0:amd64.
#8 55.63 Preparing to unpack .../61-libidn2-0_2.3.8-2_amd64.deb ...
#8 55.64 Unpacking libidn2-0:amd64 (2.3.8-2) ...
#8 55.73 Selecting previously unselected package libsasl2-modules-db:amd64.
#8 55.73 Preparing to unpack .../62-libsasl2-modules-db_2.1.28+dfsg1-9_amd64.deb ...
#8 55.74 Unpacking libsasl2-modules-db:amd64 (2.1.28+dfsg1-9) ...
#8 55.82 Selecting previously unselected package libsasl2-2:amd64.
#8 55.82 Preparing to unpack .../63-libsasl2-2_2.1.28+dfsg1-9_amd64.deb ...
#8 55.83 Unpacking libsasl2-2:amd64 (2.1.28+dfsg1-9) ...
#8 55.92 Selecting previously unselected package libldap2:amd64.
#8 55.92 Preparing to unpack .../64-libldap2_2.6.10+dfsg-1_amd64.deb ...
#8 55.93 Unpacking libldap2:amd64 (2.6.10+dfsg-1) ...
#8 56.02 Selecting previously unselected package libnghttp2-14:amd64.
#8 56.03 Preparing to unpack .../65-libnghttp2-14_1.64.0-1.1_amd64.deb ...
#8 56.03 Unpacking libnghttp2-14:amd64 (1.64.0-1.1) ...
#8 56.14 Selecting previously unselected package libnghttp3-9:amd64.
#8 56.14 Preparing to unpack .../66-libnghttp3-9_1.8.0-1_amd64.deb ...
#8 56.15 Unpacking libnghttp3-9:amd64 (1.8.0-1) ...
#8 56.26 Selecting previously unselected package libpsl5t64:amd64.
#8 56.27 Preparing to unpack .../67-libpsl5t64_0.21.2-1.1+b1_amd64.deb ...
#8 56.28 Unpacking libpsl5t64:amd64 (0.21.2-1.1+b1) ...
#8 56.37 Selecting previously unselected package libp11-kit0:amd64.
#8 56.37 Preparing to unpack .../68-libp11-kit0_0.25.5-3_amd64.deb ...
#8 56.39 Unpacking libp11-kit0:amd64 (0.25.5-3) ...
#8 56.51 Selecting previously unselected package libtasn1-6:amd64.
#8 56.51 Preparing to unpack .../69-libtasn1-6_4.20.0-2_amd64.deb ...
#8 56.52 Unpacking libtasn1-6:amd64 (4.20.0-2) ...
#8 56.62 Selecting previously unselected package libgnutls30t64:amd64.
#8 56.62 Preparing to unpack .../70-libgnutls30t64_3.8.9-3_amd64.deb ...
#8 56.62 Unpacking libgnutls30t64:amd64 (3.8.9-3) ...
#8 56.86 Selecting previously unselected package librtmp1:amd64.
#8 56.87 Preparing to unpack .../71-librtmp1_2.4+20151223.gitfa8646d.1-2+b5_amd64.deb ...
#8 56.88 Unpacking librtmp1:amd64 (2.4+20151223.gitfa8646d.1-2+b5) ...
#8 56.98 Selecting previously unselected package libssh2-1t64:amd64.
#8 56.98 Preparing to unpack .../72-libssh2-1t64_1.11.1-1_amd64.deb ...
#8 56.99 Unpacking libssh2-1t64:amd64 (1.11.1-1) ...
#8 57.12 Selecting previously unselected package libcurl4t64:amd64.
#8 57.12 Preparing to unpack .../73-libcurl4t64_8.14.1-2+deb13u2_amd64.deb ...
#8 57.14 Unpacking libcurl4t64:amd64 (8.14.1-2+deb13u2) ...
#8 57.28 Selecting previously unselected package curl.
#8 57.29 Preparing to unpack .../74-curl_8.14.1-2+deb13u2_amd64.deb ...
#8 57.30 Unpacking curl (8.14.1-2+deb13u2) ...
#8 57.44 Selecting previously unselected package libngtcp2-16:amd64.
#8 57.44 Preparing to unpack .../75-libngtcp2-16_1.11.0-1_amd64.deb ...
#8 57.45 Unpacking libngtcp2-16:amd64 (1.11.0-1) ...
#8 57.58 Selecting previously unselected package libngtcp2-crypto-gnutls8:amd64.
#8 57.59 Preparing to unpack .../76-libngtcp2-crypto-gnutls8_1.11.0-1_amd64.deb ...
#8 57.60 Unpacking libngtcp2-crypto-gnutls8:amd64 (1.11.0-1) ...
#8 57.70 Selecting previously unselected package libcurl3t64-gnutls:amd64.
#8 57.71 Preparing to unpack .../77-libcurl3t64-gnutls_8.14.1-2+deb13u2_amd64.deb ...
#8 57.72 Unpacking libcurl3t64-gnutls:amd64 (8.14.1-2+deb13u2) ...
#8 57.87 Selecting previously unselected package liberror-perl.
#8 57.88 Preparing to unpack .../78-liberror-perl_0.17030-1_all.deb ...
#8 57.89 Unpacking liberror-perl (0.17030-1) ...
#8 58.00 Selecting previously unselected package git-man.
#8 58.01 Preparing to unpack .../79-git-man_1%3a2.47.3-0+deb13u1_all.deb ...
#8 58.02 Unpacking git-man (1:2.47.3-0+deb13u1) ...
#8 58.28 Selecting previously unselected package git.
#8 58.28 Preparing to unpack .../80-git_1%3a2.47.3-0+deb13u1_amd64.deb ...
#8 58.31 Unpacking git (1:2.47.3-0+deb13u1) ...
#8 59.36 Selecting previously unselected package libpq5:amd64.
#8 59.36 Preparing to unpack .../81-libpq5_17.6-0+deb13u1_amd64.deb ...
#8 59.37 Unpacking libpq5:amd64 (17.6-0+deb13u1) ...
#8 59.47 Selecting previously unselected package libssl-dev:amd64.
#8 59.47 Preparing to unpack .../82-libssl-dev_3.5.4-1~deb13u1_amd64.deb ...
#8 59.48 Unpacking libssl-dev:amd64 (3.5.4-1~deb13u1) ...
#8 59.84 Selecting previously unselected package libpq-dev.
#8 59.84 Preparing to unpack .../83-libpq-dev_17.6-0+deb13u1_amd64.deb ...
#8 59.89 Unpacking libpq-dev (17.6-0+deb13u1) ...
#8 60.00 Setting up libexpat1:amd64 (2.7.1-2) ...
#8 60.02 Setting up libkeyutils1:amd64 (1.6.3-6) ...
#8 60.04 Setting up libgdbm-compat4t64:amd64 (1.24-2) ...
#8 60.07 Setting up libbrotli1:amd64 (1.1.0-2+b7) ...
#8 60.10 Setting up binutils-common:amd64 (2.44-3) ...
#8 60.12 Setting up libnghttp2-14:amd64 (1.64.0-1.1) ...
#8 60.15 Setting up linux-libc-dev (6.12.57-1) ...
#8 60.17 Setting up libctf-nobfd0:amd64 (2.44-3) ...
#8 60.20 Setting up libcom-err2:amd64 (1.47.2-3+b3) ...
#8 60.23 Setting up libgomp1:amd64 (14.2.0-19) ...
#8 60.25 Setting up bzip2 (1.0.8-6) ...
#8 60.27 Setting up libsframe1:amd64 (2.44-3) ...
#8 60.29 Setting up libjansson4:amd64 (2.14-2+b3) ...
#8 60.32 Setting up libkrb5support0:amd64 (1.21.3-5) ...
#8 60.34 Setting up libsasl2-modules-db:amd64 (2.1.28+dfsg1-9) ...
#8 60.38 Setting up rpcsvc-proto (1.4.3-1) ...
#8 60.41 Setting up make (4.4.1-2) ...
#8 60.54 Setting up libmpfr6:amd64 (4.2.2-1) ...
#8 60.57 Setting up xz-utils (5.8.1-1) ...
#8 60.61 update-alternatives: using /usr/bin/xz to provide /usr/bin/lzma (lzma) in auto mode
#8 60.61 update-alternatives: warning: skip creation of /usr/share/man/man1/lzma.1.gz because associated file /usr/share/man/man1/xz.1.gz (of link group lzma) doesn't exist
#8 60.61 update-alternatives: warning: skip creation of /usr/share/man/man1/unlzma.1.gz because associated file /usr/share/man/man1/unxz.1.gz (of link group lzma) doesn't exist
#8 60.61 update-alternatives: warning: skip creation of /usr/share/man/man1/lzcat.1.gz because associated file /usr/share/man/man1/xzcat.1.gz (of link group lzma) doesn't exist
#8 60.61 update-alternatives: warning: skip creation of /usr/share/man/man1/lzmore.1.gz because associated file /usr/share/man/man1/xzmore.1.gz (of link group lzma) doesn't exist
#8 60.61 update-alternatives: warning: skip creation of /usr/share/man/man1/lzless.1.gz because associated file /usr/share/man/man1/xzless.1.gz (of link group lzma) doesn't exist
#8 60.61 update-alternatives: warning: skip creation of /usr/share/man/man1/lzdiff.1.gz because associated file /usr/share/man/man1/xzdiff.1.gz (of link group lzma) doesn't exist
#8 60.61 update-alternatives: warning: skip creation of /usr/share/man/man1/lzcmp.1.gz because associated file /usr/share/man/man1/xzcmp.1.gz (of link group lzma) doesn't exist
#8 60.61 update-alternatives: warning: skip creation of /usr/share/man/man1/lzgrep.1.gz because associated file /usr/share/man/man1/xzgrep.1.gz (of link group lzma) doesn't exist
#8 60.61 update-alternatives: warning: skip creation of /usr/share/man/man1/lzegrep.1.gz because associated file /usr/share/man/man1/xzegrep.1.gz (of link group lzma) doesn't exist
#8 60.61 update-alternatives: warning: skip creation of /usr/share/man/man1/lzfgrep.1.gz because associated file /usr/share/man/man1/xzfgrep.1.gz (of link group lzma) doesn't exist
#8 60.63 Setting up libquadmath0:amd64 (14.2.0-19) ...
#8 60.66 Setting up libp11-kit0:amd64 (0.25.5-3) ...
#8 60.68 Setting up libunistring5:amd64 (1.3-2) ...
#8 60.75 Setting up libssl-dev:amd64 (3.5.4-1~deb13u1) ...
#8 60.78 Setting up libmpc3:amd64 (1.3.1-1+b3) ...
#8 60.84 Setting up libatomic1:amd64 (14.2.0-19) ...
#8 60.89 Setting up patch (2.8-2) ...
#8 60.93 Setting up libk5crypto3:amd64 (1.21.3-5) ...
#8 60.95 Setting up libsasl2-2:amd64 (2.1.28+dfsg1-9) ...
#8 60.98 Setting up libnghttp3-9:amd64 (1.8.0-1) ...
#8 61.01 Setting up libubsan1:amd64 (14.2.0-19) ...
#8 61.04 Setting up perl-modules-5.40 (5.40.1-6) ...
#8 61.06 Setting up libhwasan0:amd64 (14.2.0-19) ...
#8 61.09 Setting up libcrypt-dev:amd64 (1:4.4.38-1) ...
#8 61.13 Setting up libasan8:amd64 (14.2.0-19) ...
#8 61.16 Setting up libtasn1-6:amd64 (4.20.0-2) ...
#8 61.18 Setting up git-man (1:2.47.3-0+deb13u1) ...
#8 61.21 Setting up libngtcp2-16:amd64 (1.11.0-1) ...
#8 61.23 Setting up libkrb5-3:amd64 (1.21.3-5) ...
#8 61.26 Setting up libssh2-1t64:amd64 (1.11.1-1) ...
#8 61.29 Setting up libtsan2:amd64 (14.2.0-19) ...
#8 61.31 Setting up libbinutils:amd64 (2.44-3) ...
#8 61.34 Setting up libisl23:amd64 (0.27-1) ...
#8 61.36 Setting up libc-dev-bin (2.41-12) ...
#8 61.39 Setting up libcc1-0:amd64 (14.2.0-19) ...
#8 61.42 Setting up libldap2:amd64 (2.6.10+dfsg-1) ...
#8 61.45 Setting up liblsan0:amd64 (14.2.0-19) ...
#8 61.47 Setting up libitm1:amd64 (14.2.0-19) ...
#8 61.51 Setting up libctf0:amd64 (2.44-3) ...
#8 61.54 Setting up libidn2-0:amd64 (2.3.8-2) ...
#8 61.56 Setting up libperl5.40:amd64 (5.40.1-6) ...
#8 61.58 Setting up perl (5.40.1-6) ...
#8 61.63 Setting up libgprofng0:amd64 (2.44-3) ...
#8 61.65 Setting up libgssapi-krb5-2:amd64 (1.21.3-5) ...
#8 61.69 Setting up cpp-14-x86-64-linux-gnu (14.2.0-19) ...
#8 61.72 Setting up libdpkg-perl (1.22.21) ...
#8 61.74 Setting up cpp-14 (14.2.0-19) ...
#8 61.77 Setting up libc6-dev:amd64 (2.41-12) ...
#8 61.80 Setting up libgcc-14-dev:amd64 (14.2.0-19) ...
#8 61.83 Setting up libstdc++-14-dev:amd64 (14.2.0-19) ...
#8 61.86 Setting up binutils-x86-64-linux-gnu (2.44-3) ...
#8 61.88 Setting up cpp-x86-64-linux-gnu (4:14.2.0-1) ...
#8 61.90 Setting up libgnutls30t64:amd64 (3.8.9-3) ...
#8 61.94 Setting up libpsl5t64:amd64 (0.21.2-1.1+b1) ...
#8 61.98 Setting up libpq5:amd64 (17.6-0+deb13u1) ...
#8 62.00 Setting up libpq-dev (17.6-0+deb13u1) ...
#8 62.03 Setting up binutils (2.44-3) ...
#8 62.06 Setting up dpkg-dev (1.22.21) ...
#8 62.10 Setting up liberror-perl (0.17030-1) ...
#8 62.12 Setting up librtmp1:amd64 (2.4+20151223.gitfa8646d.1-2+b5) ...
#8 62.15 Setting up cpp (4:14.2.0-1) ...
#8 62.21 Setting up gcc-14-x86-64-linux-gnu (14.2.0-19) ...
#8 62.24 Setting up libngtcp2-crypto-gnutls8:amd64 (1.11.0-1) ...
#8 62.26 Setting up gcc-x86-64-linux-gnu (4:14.2.0-1) ...
#8 62.28 Setting up libcurl4t64:amd64 (8.14.1-2+deb13u2) ...
#8 62.31 Setting up libcurl3t64-gnutls:amd64 (8.14.1-2+deb13u2) ...
#8 62.33 Setting up gcc-14 (14.2.0-19) ...
#8 62.36 Setting up git (1:2.47.3-0+deb13u1) ...
#8 62.41 Setting up g++-14-x86-64-linux-gnu (14.2.0-19) ...
#8 62.44 Setting up g++-x86-64-linux-gnu (4:14.2.0-1) ...
#8 62.48 Setting up curl (8.14.1-2+deb13u2) ...
#8 62.50 Setting up g++-14 (14.2.0-19) ...
#8 62.53 Setting up gcc (4:14.2.0-1) ...
#8 62.63 Setting up g++ (4:14.2.0-1) ...
#8 62.65 update-alternatives: using /usr/bin/g++ to provide /usr/bin/c++ (c++) in auto mode
#8 62.67 Setting up build-essential (12.12) ...
#8 62.69 Processing triggers for libc-bin (2.41-12) ...
#8 DONE 65.0s

#9 [4/7] COPY requirements.txt /app/requirements.txt
#9 DONE 0.4s

#10 [5/7] RUN python -m pip install --upgrade pip setuptools wheel
#10 4.878 Requirement already satisfied: pip in /usr/local/lib/python3.11/site-packages (24.0)
#10 5.627 Collecting pip
#10 6.347   Downloading pip-25.3-py3-none-any.whl.metadata (4.7 kB)
#10 6.383 Requirement already satisfied: setuptools in /usr/local/lib/python3.11/site-packages (79.0.1)
#10 7.521 Collecting setuptools
#10 7.614   Downloading setuptools-80.9.0-py3-none-any.whl.metadata (6.6 kB)
#10 7.810 Requirement already satisfied: wheel in /usr/local/lib/python3.11/site-packages (0.45.1)
#10 10.80 Downloading pip-25.3-py3-none-any.whl (1.8 MB)
#10 12.54    ΓöüΓöüΓöüΓöüΓöüΓöüΓöüΓöüΓöüΓöüΓöüΓöüΓöüΓöüΓöüΓöüΓöüΓöüΓöüΓöüΓöüΓöüΓöüΓöüΓöüΓöüΓöüΓöüΓöüΓöüΓöüΓöüΓöüΓöüΓöüΓöüΓöüΓöüΓöüΓöü 1.8/1.8 MB 1.1 MB/s eta 0:00:00
#10 12.55 Downloading setuptools-80.9.0-py3-none-any.whl (1.2 MB)
#10 12.80    ΓöüΓöüΓöüΓöüΓöüΓöüΓöüΓöüΓöüΓöüΓöüΓöüΓöüΓöüΓöüΓöüΓöüΓöüΓöüΓöüΓöüΓöüΓöüΓöüΓöüΓöüΓöüΓöüΓöüΓöüΓöüΓöüΓöüΓöüΓöüΓöüΓöüΓöüΓöüΓöü 1.2/1.2 MB 4.8 MB/s eta 0:00:00
#10 12.94 Installing collected packages: setuptools, pip
#10 12.94   Attempting uninstall: setuptools
#10 12.94     Found existing installation: setuptools 79.0.1
#10 12.98     Uninstalling setuptools-79.0.1:
#10 13.16       Successfully uninstalled setuptools-79.0.1
#10 13.93   Attempting uninstall: pip
#10 13.93     Found existing installation: pip 24.0
#10 13.99     Uninstalling pip-24.0:
#10 14.23       Successfully uninstalled pip-24.0
#10 15.35 Successfully installed pip-25.3 setuptools-80.9.0
#10 15.35 WARNING: Running pip as the 'root' user can result in broken permissions and conflicting behaviour with the system package manager. It is recommended to use a virtual environment instead: https://pip.pypa.io/warnings/venv
#10 DONE 15.9s

#11 [6/7] RUN pip install --no-cache-dir -r /app/requirements.txt
#11 1.259 Collecting fastapi==0.96.1 (from -r /app/requirements.txt (line 1))
#11 1.365   Downloading fastapi-0.96.1-py3-none-any.whl.metadata (24 kB)
#11 1.468 Collecting uvicorn==0.22.0 (from uvicorn[standard]==0.22.0->-r /app/requirements.txt (line 2))
#11 1.479   Downloading uvicorn-0.22.0-py3-none-any.whl.metadata (6.3 kB)
#11 1.542 Collecting python-dotenv==1.0.0 (from -r /app/requirements.txt (line 3))
#11 1.557   Downloading python_dotenv-1.0.0-py3-none-any.whl.metadata (21 kB)
#11 1.816 Collecting pydantic==1.10.12 (from -r /app/requirements.txt (line 5))
#11 1.832   Downloading pydantic-1.10.12-cp311-cp311-manylinux_2_17_x86_64.manylinux2014_x86_64.whl.metadata (149 kB)
#11 1.926 Collecting requests==2.31.0 (from -r /app/requirements.txt (line 6))
#11 1.942   Downloading requests-2.31.0-py3-none-any.whl.metadata (4.6 kB)
#11 1.978 Collecting pymysql==1.1.0 (from -r /app/requirements.txt (line 7))
#11 1.995   Downloading PyMySQL-1.1.0-py3-none-any.whl.metadata (4.4 kB)
#11 2.250 Collecting numpy (from -r /app/requirements.txt (line 8))
#11 2.263   Downloading numpy-2.3.5-cp311-cp311-manylinux_2_27_x86_64.manylinux_2_28_x86_64.whl.metadata (62 kB)
#11 2.409 Collecting pandas (from -r /app/requirements.txt (line 9))
#11 2.420   Downloading pandas-2.3.3-cp311-cp311-manylinux_2_24_x86_64.manylinux_2_28_x86_64.whl.metadata (91 kB)
#11 2.590 Collecting scikit-learn (from -r /app/requirements.txt (line 10))
#11 2.601   Downloading scikit_learn-1.7.2-cp311-cp311-manylinux2014_x86_64.manylinux_2_17_x86_64.whl.metadata (11 kB)
#11 2.693 Collecting starlette<0.28.0,>=0.27.0 (from fastapi==0.96.1->-r /app/requirements.txt (line 1))
#11 2.705   Downloading starlette-0.27.0-py3-none-any.whl.metadata (5.8 kB)
#11 2.732 Collecting typing-extensions>=4.2.0 (from pydantic==1.10.12->-r /app/requirements.txt (line 5))
#11 2.744   Downloading typing_extensions-4.15.0-py3-none-any.whl.metadata (3.3 kB)
#11 2.774 Collecting click>=7.0 (from uvicorn==0.22.0->uvicorn[standard]==0.22.0->-r /app/requirements.txt (line 2))
#11 2.784   Downloading click-8.3.1-py3-none-any.whl.metadata (2.6 kB)
#11 2.799 Collecting h11>=0.8 (from uvicorn==0.22.0->uvicorn[standard]==0.22.0->-r /app/requirements.txt (line 2))
#11 2.808   Downloading h11-0.16.0-py3-none-any.whl.metadata (8.3 kB)
#11 2.917 Collecting charset-normalizer<4,>=2 (from requests==2.31.0->-r /app/requirements.txt (line 6))
#11 2.931   Downloading charset_normalizer-3.4.4-cp311-cp311-manylinux2014_x86_64.manylinux_2_17_x86_64.manylinux_2_28_x86_64.whl.metadata (37 kB)
#11 2.953 Collecting idna<4,>=2.5 (from requests==2.31.0->-r /app/requirements.txt (line 6))
#11 2.964   Downloading idna-3.11-py3-none-any.whl.metadata (8.4 kB)
#11 2.997 Collecting urllib3<3,>=1.21.1 (from requests==2.31.0->-r /app/requirements.txt (line 6))
#11 3.006   Downloading urllib3-2.5.0-py3-none-any.whl.metadata (6.5 kB)
#11 3.032 Collecting certifi>=2017.4.17 (from requests==2.31.0->-r /app/requirements.txt (line 6))
#11 3.041   Downloading certifi-2025.11.12-py3-none-any.whl.metadata (2.5 kB)
#11 3.086 Collecting httptools>=0.5.0 (from uvicorn[standard]==0.22.0->-r /app/requirements.txt (line 2))
#11 3.099   Downloading httptools-0.7.1-cp311-cp311-manylinux1_x86_64.manylinux_2_28_x86_64.manylinux_2_5_x86_64.whl.metadata (3.5 kB)
#11 3.152 Collecting pyyaml>=5.1 (from uvicorn[standard]==0.22.0->-r /app/requirements.txt (line 2))
#11 3.163   Downloading pyyaml-6.0.3-cp311-cp311-manylinux2014_x86_64.manylinux_2_17_x86_64.manylinux_2_28_x86_64.whl.metadata (2.4 kB)
#11 3.234 Collecting uvloop!=0.15.0,!=0.15.1,>=0.14.0 (from uvicorn[standard]==0.22.0->-r /app/requirements.txt (line 2))
#11 3.484   Downloading uvloop-0.22.1-cp311-cp311-manylinux2014_x86_64.manylinux_2_17_x86_64.manylinux_2_28_x86_64.whl.metadata (4.9 kB)
#11 3.569 Collecting watchfiles>=0.13 (from uvicorn[standard]==0.22.0->-r /app/requirements.txt (line 2))
#11 3.579   Downloading watchfiles-1.1.1-cp311-cp311-manylinux_2_17_x86_64.manylinux2014_x86_64.whl.metadata (4.9 kB)
#11 3.754 Collecting websockets>=10.4 (from uvicorn[standard]==0.22.0->-r /app/requirements.txt (line 2))
#11 3.767   Downloading websockets-15.0.1-cp311-cp311-manylinux_2_5_x86_64.manylinux1_x86_64.manylinux_2_17_x86_64.manylinux2014_x86_64.whl.metadata (6.8 kB)
#11 3.797 Collecting anyio<5,>=3.4.0 (from starlette<0.28.0,>=0.27.0->fastapi==0.96.1->-r /app/requirements.txt (line 1))
#11 3.810   Downloading anyio-4.11.0-py3-none-any.whl.metadata (4.1 kB)
#11 3.832 Collecting sniffio>=1.1 (from anyio<5,>=3.4.0->starlette<0.28.0,>=0.27.0->fastapi==0.96.1->-r /app/requirements.txt (line 1))
#11 3.842   Downloading sniffio-1.3.1-py3-none-any.whl.metadata (3.9 kB)
#11 3.872 Collecting python-dateutil>=2.8.2 (from pandas->-r /app/requirements.txt (line 9))
#11 3.885   Downloading python_dateutil-2.9.0.post0-py2.py3-none-any.whl.metadata (8.4 kB)
#11 3.932 Collecting pytz>=2020.1 (from pandas->-r /app/requirements.txt (line 9))
#11 3.941   Downloading pytz-2025.2-py2.py3-none-any.whl.metadata (22 kB)
#11 3.963 Collecting tzdata>=2022.7 (from pandas->-r /app/requirements.txt (line 9))
#11 3.973   Downloading tzdata-2025.2-py2.py3-none-any.whl.metadata (1.4 kB)
#11 4.170 Collecting scipy>=1.8.0 (from scikit-learn->-r /app/requirements.txt (line 10))
#11 4.183   Downloading scipy-1.16.3-cp311-cp311-manylinux2014_x86_64.manylinux_2_17_x86_64.whl.metadata (62 kB)
#11 4.235 Collecting joblib>=1.2.0 (from scikit-learn->-r /app/requirements.txt (line 10))
#11 4.249   Downloading joblib-1.5.2-py3-none-any.whl.metadata (5.6 kB)
#11 4.265 Collecting threadpoolctl>=3.1.0 (from scikit-learn->-r /app/requirements.txt (line 10))
#11 4.278   Downloading threadpoolctl-3.6.0-py3-none-any.whl.metadata (13 kB)
#11 4.306 Collecting six>=1.5 (from python-dateutil>=2.8.2->pandas->-r /app/requirements.txt (line 9))
#11 4.315   Downloading six-1.17.0-py2.py3-none-any.whl.metadata (1.7 kB)
#11 4.369 Downloading fastapi-0.96.1-py3-none-any.whl (57 kB)
#11 4.385 Downloading pydantic-1.10.12-cp311-cp311-manylinux_2_17_x86_64.manylinux2014_x86_64.whl (3.1 MB)
#11 5.073    ΓöüΓöüΓöüΓöüΓöüΓöüΓöüΓöüΓöüΓöüΓöüΓöüΓöüΓöüΓöüΓöüΓöüΓöüΓöüΓöüΓöüΓöüΓöüΓöüΓöüΓöüΓöüΓöüΓöüΓöüΓöüΓöüΓöüΓöüΓöüΓöüΓöüΓöüΓöüΓöü 3.1/3.1 MB 4.2 MB/s  0:00:00
#11 5.086 Downloading uvicorn-0.22.0-py3-none-any.whl (58 kB)
#11 5.110 Downloading python_dotenv-1.0.0-py3-none-any.whl (19 kB)
#11 5.124 Downloading requests-2.31.0-py3-none-any.whl (62 kB)
#11 5.139 Downloading PyMySQL-1.1.0-py3-none-any.whl (44 kB)
#11 5.151 Downloading charset_normalizer-3.4.4-cp311-cp311-manylinux2014_x86_64.manylinux_2_17_x86_64.manylinux_2_28_x86_64.whl (151 kB)
#11 5.171 Downloading idna-3.11-py3-none-any.whl (71 kB)
#11 5.187 Downloading starlette-0.27.0-py3-none-any.whl (66 kB)
#11 5.204 Downloading anyio-4.11.0-py3-none-any.whl (109 kB)
#11 5.230 Downloading urllib3-2.5.0-py3-none-any.whl (129 kB)
#11 5.268 Downloading numpy-2.3.5-cp311-cp311-manylinux_2_27_x86_64.manylinux_2_28_x86_64.whl (16.9 MB)
#11 9.631    ΓöüΓöüΓöüΓöüΓöüΓöüΓöüΓöüΓöüΓöüΓöüΓöüΓöüΓöüΓöüΓöüΓöüΓöüΓöüΓöüΓöüΓöüΓöüΓöüΓöüΓöüΓöüΓöüΓöüΓöüΓöüΓöüΓöüΓöüΓöüΓöüΓöüΓöüΓöüΓöü 16.9/16.9 MB 3.9 MB/s  0:00:04
#11 9.646 Downloading pandas-2.3.3-cp311-cp311-manylinux_2_24_x86_64.manylinux_2_28_x86_64.whl (12.8 MB)
#11 12.95    ΓöüΓöüΓöüΓöüΓöüΓöüΓöüΓöüΓöüΓöüΓöüΓöüΓöüΓöüΓöüΓöüΓöüΓöüΓöüΓöüΓöüΓöüΓöüΓöüΓöüΓöüΓöüΓöüΓöüΓöüΓöüΓöüΓöüΓöüΓöüΓöüΓöüΓöüΓöüΓöü 12.8/12.8 MB 3.9 MB/s  0:00:03
#11 12.96 Downloading scikit_learn-1.7.2-cp311-cp311-manylinux2014_x86_64.manylinux_2_17_x86_64.whl (9.7 MB)
#11 15.43    ΓöüΓöüΓöüΓöüΓöüΓöüΓöüΓöüΓöüΓöüΓöüΓöüΓöüΓöüΓöüΓöüΓöüΓöüΓöüΓöüΓöüΓöüΓöüΓöüΓöüΓöüΓöüΓöüΓöüΓöüΓöüΓöüΓöüΓöüΓöüΓöüΓöüΓöüΓöüΓöü 9.7/9.7 MB 3.9 MB/s  0:00:02
#11 15.48 Downloading certifi-2025.11.12-py3-none-any.whl (159 kB)
#11 15.53 Downloading click-8.3.1-py3-none-any.whl (108 kB)
#11 15.66 Downloading h11-0.16.0-py3-none-any.whl (37 kB)
#11 15.89 Downloading httptools-0.7.1-cp311-cp311-manylinux1_x86_64.manylinux_2_28_x86_64.manylinux_2_5_x86_64.whl (456 kB)
#11 15.94 Downloading joblib-1.5.2-py3-none-any.whl (308 kB)
#11 16.00 Downloading python_dateutil-2.9.0.post0-py2.py3-none-any.whl (229 kB)
#11 16.06 Downloading pytz-2025.2-py2.py3-none-any.whl (509 kB)
#11 16.18 Downloading pyyaml-6.0.3-cp311-cp311-manylinux2014_x86_64.manylinux_2_17_x86_64.manylinux_2_28_x86_64.whl (806 kB)
#11 16.38    ΓöüΓöüΓöüΓöüΓöüΓöüΓöüΓöüΓöüΓöüΓöüΓöüΓöüΓöüΓöüΓöüΓöüΓöüΓöüΓöüΓöüΓöüΓöüΓöüΓöüΓöüΓöüΓöüΓöüΓöüΓöüΓöüΓöüΓöüΓöüΓöüΓöüΓöüΓöüΓöü 806.6/806.6 kB 4.1 MB/s  0:00:00
#11 16.39 Downloading scipy-1.16.3-cp311-cp311-manylinux2014_x86_64.manylinux_2_17_x86_64.whl (35.9 MB)
#11 25.61    ΓöüΓöüΓöüΓöüΓöüΓöüΓöüΓöüΓöüΓöüΓöüΓöüΓöüΓöüΓöüΓöüΓöüΓöüΓöüΓöüΓöüΓöüΓöüΓöüΓöüΓöüΓöüΓöüΓöüΓöüΓöüΓöüΓöüΓöüΓöüΓöüΓöüΓöüΓöüΓöü 35.9/35.9 MB 3.9 MB/s  0:00:09
#11 25.62 Downloading six-1.17.0-py2.py3-none-any.whl (11 kB)
#11 25.63 Downloading sniffio-1.3.1-py3-none-any.whl (10 kB)
#11 25.65 Downloading threadpoolctl-3.6.0-py3-none-any.whl (18 kB)
#11 25.67 Downloading typing_extensions-4.15.0-py3-none-any.whl (44 kB)
#11 25.68 Downloading tzdata-2025.2-py2.py3-none-any.whl (347 kB)
#11 25.74 Downloading uvloop-0.22.1-cp311-cp311-manylinux2014_x86_64.manylinux_2_17_x86_64.manylinux_2_28_x86_64.whl (3.8 MB)
#11 26.69    ΓöüΓöüΓöüΓöüΓöüΓöüΓöüΓöüΓöüΓöüΓöüΓöüΓöüΓöüΓöüΓöüΓöüΓöüΓöüΓöüΓöüΓöüΓöüΓöüΓöüΓöüΓöüΓöüΓöüΓöüΓöüΓöüΓöüΓöüΓöüΓöüΓöüΓöüΓöüΓöü 3.8/3.8 MB 4.0 MB/s  0:00:00
#11 26.70 Downloading watchfiles-1.1.1-cp311-cp311-manylinux_2_17_x86_64.manylinux2014_x86_64.whl (456 kB)
#11 26.81 Downloading websockets-15.0.1-cp311-cp311-manylinux_2_5_x86_64.manylinux1_x86_64.manylinux_2_17_x86_64.manylinux2014_x86_64.whl (182 kB)
#11 27.30 Installing collected packages: pytz, websockets, uvloop, urllib3, tzdata, typing-extensions, threadpoolctl, sniffio, six, pyyaml, python-dotenv, pymysql, numpy, joblib, idna, httptools, h11, click, charset-normalizer, certifi, uvicorn, scipy, requests, python-dateutil, pydantic, anyio, watchfiles, starlette, scikit-learn, pandas, fastapi
#11 47.41 
#11 47.41 Successfully installed anyio-4.11.0 certifi-2025.11.12 charset-normalizer-3.4.4 click-8.3.1 fastapi-0.96.1 h11-0.16.0 httptools-0.7.1 idna-3.11 joblib-1.5.2 numpy-2.3.5 pandas-2.3.3 pydantic-1.10.12 pymysql-1.1.0 python-dateutil-2.9.0.post0 python-dotenv-1.0.0 pytz-2025.2 pyyaml-6.0.3 requests-2.31.0 scikit-learn-1.7.2 scipy-1.16.3 six-1.17.0 sniffio-1.3.1 starlette-0.27.0 threadpoolctl-3.6.0 typing-extensions-4.15.0 tzdata-2025.2 urllib3-2.5.0 uvicorn-0.22.0 uvloop-0.22.1 watchfiles-1.1.1 websockets-15.0.1
#11 47.41 WARNING: Running pip as the 'root' user can result in broken permissions and conflicting behaviour with the system package manager, possibly rendering your system unusable. It is recommended to use a virtual environment instead: https://pip.pypa.io/warnings/venv. Use the --root-user-action option if you know what you are doing and want to suppress this warning.
#11 DONE 55.1s

#12 [7/7] COPY . /app
#12 DONE 4.0s

#13 exporting to image
#13 exporting layers
#13 exporting layers 33.2s done
#13 exporting manifest sha256:47b87e9014cfdc64f9def8e530c3c0a9276c75827e60d728ecc1fd5cee3f2d91 0.0s done
#13 exporting config sha256:4dc6642b1d40b1f513af2c5a85a664303a92fe4fc7d0a954d23842009a757ce1 0.0s done
#13 exporting attestation manifest sha256:3975c3401ffb968d7501ac23bdea3fcba9c0b6821b26f2484b2011270bbcc094 0.0s done
#13 exporting manifest list sha256:a9c7f0d8e3f3a80da3d891945c6ecf9a91b0a0649704294f3eb12d27ac35a5cf
#13 exporting manifest list sha256:a9c7f0d8e3f3a80da3d891945c6ecf9a91b0a0649704294f3eb12d27ac35a5cf 0.0s done
#13 naming to docker.io/library/exfraudshield-backend:latest done
#13 unpacking to docker.io/library/exfraudshield-backend:latest
#13 unpacking to docker.io/library/exfraudshield-backend:latest 34.8s done
#13 DONE 68.2s

#14 resolving provenance for metadata file
#14 DONE 0.0s
 exfraudshield-backend:latest  Built
